<?xml version="1.0" encoding="UTF-8"?>
<!-- Generated by org.testng.reporters.JUnitReportReporter -->
<testsuite skipped="0" hostname="AJAMPANA-IN" name="com.tc.groupcustomer.GC05_GroupCustomer2" tests="27" failures="0" timestamp="06 Jul 2020 12:25:40 GMT" time="2117.761" errors="1">
  <testcase name="gc07_AddActivities_TC27666" time="43.083" classname="com.tc.groupcustomer.GC05_GroupCustomer2"/>
  <testcase name="gc11_UploadComments_TC18704" time="45.611" classname="com.tc.groupcustomer.GC05_GroupCustomer2"/>
  <testcase name="gc21_AddClassGroupToAgreement_TC29274" time="281.490" classname="com.tc.groupcustomer.GC05_GroupCustomer2"/>
  <testcase name="gc20_AgreementPlanCreation" time="219.032" classname="com.tc.groupcustomer.GC05_GroupCustomer2"/>
  <testcase name="gc06_DeletePhone_TC29004" time="60.652" classname="com.tc.groupcustomer.GC05_GroupCustomer2"/>
  <testcase name="gc13_ParentMasterAgreementCreation" time="47.993" classname="com.tc.groupcustomer.GC05_GroupCustomer2"/>
  <testcase name="gc23_DeleteAgreementClassGroup_TC29278" time="20.776" classname="com.tc.groupcustomer.GC05_GroupCustomer2"/>
  <testcase name="gc05_EditPhone_TC29003" time="31.385" classname="com.tc.groupcustomer.GC05_GroupCustomer2"/>
  <testcase name="gc22_EditClassGroupToAgreement_TC29276" time="69.731" classname="com.tc.groupcustomer.GC05_GroupCustomer2"/>
  <testcase name="gc02_MakeDefaultAddress_TC27056" time="263.975" classname="com.tc.groupcustomer.GC05_GroupCustomer2">
    <error type="org.openqa.selenium.NoSuchElementException" message="no such element: Unable to locate element: {&quot;method&quot;:&quot;xpath&quot;,&quot;selector&quot;:&quot;//table[@id=(&#039;groupcustomerAddressTable&#039;)]//tbody//tr[3]//td[3]&quot;}
  (Session info: chrome=83.0.4103.116)
For documentation on this error, please visit: http://seleniumhq.org/exceptions/no_such_element.html
Build info: version: &#039;3.8.1&#039;, revision: &#039;6e95a6684b&#039;, time: &#039;2017-12-01T19:05:14.666Z&#039;
System info: host: &#039;AJAMPANA-IN&#039;, ip: &#039;10.166.168.129&#039;, os.name: &#039;Windows 10&#039;, os.arch: &#039;amd64&#039;, os.version: &#039;10.0&#039;, java.version: &#039;1.8.0_241&#039;
Driver info: org.openqa.selenium.chrome.ChromeDriver
Capabilities {acceptInsecureCerts: false, browserName: chrome, browserVersion: 83.0.4103.116, chrome: {chromedriverVersion: 83.0.4103.39 (ccbf011cb2d2b..., userDataDir: C:\Users\ajampana\AppData\L...}, goog:chromeOptions: {debuggerAddress: localhost:54335}, javascriptEnabled: true, networkConnectionEnabled: false, pageLoadStrategy: normal, platform: WINDOWS, platformName: WINDOWS, proxy: Proxy(), setWindowRect: true, strictFileInteractability: false, timeouts: {implicit: 0, pageLoad: 300000, script: 30000}, unhandledPromptBehavior: dismiss and notify, webauthn:virtualAuthenticators: true}
Session ID: 298d3646caa1e57ee52c5a185aadc965
*** Element info: {Using=xpath, value=//table[@id=(&#039;groupcustomerAddressTable&#039;)]//tbody//tr[3]//td[3]}">
      <![CDATA[org.openqa.selenium.NoSuchElementException: no such element: Unable to locate element: {"method":"xpath","selector":"//table[@id=('groupcustomerAddressTable')]//tbody//tr[3]//td[3]"}
  (Session info: chrome=83.0.4103.116)
For documentation on this error, please visit: http://seleniumhq.org/exceptions/no_such_element.html
Build info: version: '3.8.1', revision: '6e95a6684b', time: '2017-12-01T19:05:14.666Z'
System info: host: 'AJAMPANA-IN', ip: '10.166.168.129', os.name: 'Windows 10', os.arch: 'amd64', os.version: '10.0', java.version: '1.8.0_241'
Driver info: org.openqa.selenium.chrome.ChromeDriver
Capabilities {acceptInsecureCerts: false, browserName: chrome, browserVersion: 83.0.4103.116, chrome: {chromedriverVersion: 83.0.4103.39 (ccbf011cb2d2b..., userDataDir: C:\Users\ajampana\AppData\L...}, goog:chromeOptions: {debuggerAddress: localhost:54335}, javascriptEnabled: true, networkConnectionEnabled: false, pageLoadStrategy: normal, platform: WINDOWS, platformName: WINDOWS, proxy: Proxy(), setWindowRect: true, strictFileInteractability: false, timeouts: {implicit: 0, pageLoad: 300000, script: 30000}, unhandledPromptBehavior: dismiss and notify, webauthn:virtualAuthenticators: true}
Session ID: 298d3646caa1e57ee52c5a185aadc965
*** Element info: {Using=xpath, value=//table[@id=('groupcustomerAddressTable')]//tbody//tr[3]//td[3]}
at sun.reflect.NativeConstructorAccessorImpl.newInstance0(Native Method)
at sun.reflect.NativeConstructorAccessorImpl.newInstance(Unknown Source)
at sun.reflect.DelegatingConstructorAccessorImpl.newInstance(Unknown Source)
at java.lang.reflect.Constructor.newInstance(Unknown Source)
at org.openqa.selenium.remote.http.W3CHttpResponseCodec.createException(W3CHttpResponseCodec.java:187)
at org.openqa.selenium.remote.http.W3CHttpResponseCodec.decode(W3CHttpResponseCodec.java:122)
at org.openqa.selenium.remote.http.W3CHttpResponseCodec.decode(W3CHttpResponseCodec.java:49)
at org.openqa.selenium.remote.HttpCommandExecutor.execute(HttpCommandExecutor.java:164)
at org.openqa.selenium.remote.service.DriverCommandExecutor.execute(DriverCommandExecutor.java:83)
at org.openqa.selenium.remote.RemoteWebDriver.execute(RemoteWebDriver.java:601)
at org.openqa.selenium.remote.RemoteWebDriver.findElement(RemoteWebDriver.java:371)
at org.openqa.selenium.remote.RemoteWebDriver.findElementByXPath(RemoteWebDriver.java:473)
at org.openqa.selenium.By$ByXPath.findElement(By.java:361)
at org.openqa.selenium.remote.RemoteWebDriver.findElement(RemoteWebDriver.java:363)
at com.tc.groupcustomer.GC05_GroupCustomer2.gc02_MakeDefaultAddress_TC27056(GC05_GroupCustomer2.java:520)
at sun.reflect.NativeMethodAccessorImpl.invoke0(Native Method)
at sun.reflect.NativeMethodAccessorImpl.invoke(Unknown Source)
at sun.reflect.DelegatingMethodAccessorImpl.invoke(Unknown Source)
at java.lang.reflect.Method.invoke(Unknown Source)
at org.testng.internal.MethodInvocationHelper.invokeMethod(MethodInvocationHelper.java:124)
at org.testng.internal.Invoker.invokeMethod(Invoker.java:583)
at org.testng.internal.Invoker.invokeTestMethod(Invoker.java:719)
at org.testng.internal.Invoker.invokeTestMethods(Invoker.java:989)
at org.testng.internal.TestMethodWorker.invokeTestMethods(TestMethodWorker.java:125)
at org.testng.internal.TestMethodWorker.run(TestMethodWorker.java:109)
at org.testng.TestRunner.privateRun(TestRunner.java:648)
at org.testng.TestRunner.run(TestRunner.java:505)
at org.testng.SuiteRunner.runTest(SuiteRunner.java:455)
at org.testng.SuiteRunner.runSequentially(SuiteRunner.java:450)
at org.testng.SuiteRunner.privateRun(SuiteRunner.java:415)
at org.testng.SuiteRunner.run(SuiteRunner.java:364)
at org.testng.SuiteRunnerWorker.runSuite(SuiteRunnerWorker.java:52)
at org.testng.SuiteRunnerWorker.run(SuiteRunnerWorker.java:84)
at org.testng.TestNG.runSuitesSequentially(TestNG.java:1208)
at org.testng.TestNG.runSuitesLocally(TestNG.java:1137)
at org.testng.TestNG.runSuites(TestNG.java:1049)
at org.testng.TestNG.run(TestNG.java:1017)
at org.testng.remote.AbstractRemoteTestNG.run(AbstractRemoteTestNG.java:114)
at org.testng.remote.RemoteTestNG.initAndRun(RemoteTestNG.java:251)
at org.testng.remote.RemoteTestNG.main(RemoteTestNG.java:77)
]]>
    </error>
  </testcase> <!-- gc02_MakeDefaultAddress_TC27056 -->
  <testcase name="gc04_AddPhone_TC28991" time="39.395" classname="com.tc.groupcustomer.GC05_GroupCustomer2"/>
  <testcase name="gc16_DeleteAgreementRoles_TC28413" time="16.774" classname="com.tc.groupcustomer.GC05_GroupCustomer2"/>
  <testcase name="gc03_DeleteAddress_TC27059" time="27.894" classname="com.tc.groupcustomer.GC05_GroupCustomer2"/>
  <testcase name="gc10_AddComments_TC16851" time="55.204" classname="com.tc.groupcustomer.GC05_GroupCustomer2"/>
  <testcase name="gc25_CopyAgreementClassGroup_TC29275" time="103.732" classname="com.tc.groupcustomer.GC05_GroupCustomer2"/>
  <testcase name="gc26_addplansegment_PlanSegmentTab" time="52.002" classname="com.tc.groupcustomer.GC05_GroupCustomer2"/>
  <testcase name="gc08_ActivitiesProcess_TC27669" time="20.601" classname="com.tc.groupcustomer.GC05_GroupCustomer2"/>
  <testcase name="gc17_AddAgreementRoles_FindClient_TC28395" time="59.512" classname="com.tc.groupcustomer.GC05_GroupCustomer2"/>
  <testcase name="gc09_RecycleActivities_TC27670" time="23.918" classname="com.tc.groupcustomer.GC05_GroupCustomer2"/>
  <testcase name="gc27_deleteplansegment_PlanSegmentTab" time="17.599" classname="com.tc.groupcustomer.GC05_GroupCustomer2"/>
  <testcase name="gc18_AddingAgreementRoles_FindCustomer_TC28410" time="54.508" classname="com.tc.groupcustomer.GC05_GroupCustomer2"/>
  <testcase name="gc01_AddingNewAddress_TC27055" time="76.344" classname="com.tc.groupcustomer.GC05_GroupCustomer2"/>
  <testcase name="gc12_UpdateComments_TC18706" time="61.731" classname="com.tc.groupcustomer.GC05_GroupCustomer2"/>
  <testcase name="gc15_EditAgreementRoles_TC28414" time="28.440" classname="com.tc.groupcustomer.GC05_GroupCustomer2"/>
  <testcase name="gc24_SubmitAgreementClassGroup_TC29286" time="161.809" classname="com.tc.groupcustomer.GC05_GroupCustomer2"/>
  <testcase name="gc14_AddingAgreementRoles_TC28409" time="173.611" classname="com.tc.groupcustomer.GC05_GroupCustomer2"/>
  <testcase name="gc19_AgreementProductCreation" time="60.959" classname="com.tc.groupcustomer.GC05_GroupCustomer2"/>
</testsuite> <!-- com.tc.groupcustomer.GC05_GroupCustomer2 -->
