<?xml version="1.0" encoding="UTF-8"?>
<!-- Generated by org.testng.reporters.JUnitReportReporter -->
<testsuite skipped="0" hostname="AJAMPANA-IN" name="com.tc.groupcustomer.GC_GroupCustomerQuote" tests="31" failures="0" timestamp="19 Jun 2020 07:18:12 GMT" time="908.666" errors="1">
  <testcase name="DTC003" time="0.362" classname="com.tc.groupcustomer.GC_GroupCustomerQuote"/>
  <testcase name="MTC012" time="3.495" classname="com.tc.groupcustomer.GC_GroupCustomerQuote"/>
  <testcase name="LTC011" time="3.816" classname="com.tc.groupcustomer.GC_GroupCustomerQuote"/>
  <testcase name="WTC0023" time="200.042" classname="com.tc.groupcustomer.GC_GroupCustomerQuote"/>
  <testcase name="STC0018" time="200.077" classname="com.tc.groupcustomer.GC_GroupCustomerQuote"/>
  <testcase name="TTC020" time="8.745" classname="com.tc.groupcustomer.GC_GroupCustomerQuote"/>
  <testcase name="ZTC0026_a" time="2.769" classname="com.tc.groupcustomer.GC_GroupCustomerQuote"/>
  <testcase name="FTC005" time="0.149" classname="com.tc.groupcustomer.GC_GroupCustomerQuote">
    <error type="org.openqa.selenium.ElementNotInteractableException" message="element not interactable: element has zero size
  (Session info: chrome=83.0.4103.106)
Build info: version: &#039;3.8.1&#039;, revision: &#039;6e95a6684b&#039;, time: &#039;2017-12-01T19:05:14.666Z&#039;
System info: host: &#039;AJAMPANA-IN&#039;, ip: &#039;10.166.170.229&#039;, os.name: &#039;Windows 10&#039;, os.arch: &#039;amd64&#039;, os.version: &#039;10.0&#039;, java.version: &#039;1.8.0_241&#039;
Driver info: org.openqa.selenium.chrome.ChromeDriver
Capabilities {acceptInsecureCerts: false, browserName: chrome, browserVersion: 83.0.4103.106, chrome: {chromedriverVersion: 83.0.4103.39 (ccbf011cb2d2b..., userDataDir: C:\Users\ajampana\AppData\L...}, goog:chromeOptions: {debuggerAddress: localhost:51050}, javascriptEnabled: true, networkConnectionEnabled: false, pageLoadStrategy: normal, platform: WINDOWS, platformName: WINDOWS, proxy: Proxy(), setWindowRect: true, strictFileInteractability: false, timeouts: {implicit: 0, pageLoad: 300000, script: 30000}, unhandledPromptBehavior: dismiss and notify, webauthn:virtualAuthenticators: true}
Session ID: fe904587b6dd30dc8da454441000ab3d">
      <![CDATA[org.openqa.selenium.ElementNotInteractableException: element not interactable: element has zero size
  (Session info: chrome=83.0.4103.106)
Build info: version: '3.8.1', revision: '6e95a6684b', time: '2017-12-01T19:05:14.666Z'
System info: host: 'AJAMPANA-IN', ip: '10.166.170.229', os.name: 'Windows 10', os.arch: 'amd64', os.version: '10.0', java.version: '1.8.0_241'
Driver info: org.openqa.selenium.chrome.ChromeDriver
Capabilities {acceptInsecureCerts: false, browserName: chrome, browserVersion: 83.0.4103.106, chrome: {chromedriverVersion: 83.0.4103.39 (ccbf011cb2d2b..., userDataDir: C:\Users\ajampana\AppData\L...}, goog:chromeOptions: {debuggerAddress: localhost:51050}, javascriptEnabled: true, networkConnectionEnabled: false, pageLoadStrategy: normal, platform: WINDOWS, platformName: WINDOWS, proxy: Proxy(), setWindowRect: true, strictFileInteractability: false, timeouts: {implicit: 0, pageLoad: 300000, script: 30000}, unhandledPromptBehavior: dismiss and notify, webauthn:virtualAuthenticators: true}
Session ID: fe904587b6dd30dc8da454441000ab3d
at sun.reflect.NativeConstructorAccessorImpl.newInstance0(Native Method)
at sun.reflect.NativeConstructorAccessorImpl.newInstance(Unknown Source)
at sun.reflect.DelegatingConstructorAccessorImpl.newInstance(Unknown Source)
at java.lang.reflect.Constructor.newInstance(Unknown Source)
at org.openqa.selenium.remote.http.W3CHttpResponseCodec.createException(W3CHttpResponseCodec.java:187)
at org.openqa.selenium.remote.http.W3CHttpResponseCodec.decode(W3CHttpResponseCodec.java:122)
at org.openqa.selenium.remote.http.W3CHttpResponseCodec.decode(W3CHttpResponseCodec.java:49)
at org.openqa.selenium.remote.HttpCommandExecutor.execute(HttpCommandExecutor.java:164)
at org.openqa.selenium.remote.service.DriverCommandExecutor.execute(DriverCommandExecutor.java:83)
at org.openqa.selenium.remote.RemoteWebDriver.execute(RemoteWebDriver.java:601)
at org.openqa.selenium.remote.RemoteWebElement.execute(RemoteWebElement.java:279)
at org.openqa.selenium.remote.RemoteWebElement.click(RemoteWebElement.java:83)
at com.tc.groupcustomer.GC_GroupCustomerQuote.FTC005(GC_GroupCustomerQuote.java:193)
at sun.reflect.NativeMethodAccessorImpl.invoke0(Native Method)
at sun.reflect.NativeMethodAccessorImpl.invoke(Unknown Source)
at sun.reflect.DelegatingMethodAccessorImpl.invoke(Unknown Source)
at java.lang.reflect.Method.invoke(Unknown Source)
at org.testng.internal.MethodInvocationHelper.invokeMethod(MethodInvocationHelper.java:124)
at org.testng.internal.Invoker.invokeMethod(Invoker.java:583)
at org.testng.internal.Invoker.invokeTestMethod(Invoker.java:719)
at org.testng.internal.Invoker.invokeTestMethods(Invoker.java:989)
at org.testng.internal.TestMethodWorker.invokeTestMethods(TestMethodWorker.java:125)
at org.testng.internal.TestMethodWorker.run(TestMethodWorker.java:109)
at org.testng.TestRunner.privateRun(TestRunner.java:648)
at org.testng.TestRunner.run(TestRunner.java:505)
at org.testng.SuiteRunner.runTest(SuiteRunner.java:455)
at org.testng.SuiteRunner.runSequentially(SuiteRunner.java:450)
at org.testng.SuiteRunner.privateRun(SuiteRunner.java:415)
at org.testng.SuiteRunner.run(SuiteRunner.java:364)
at org.testng.SuiteRunnerWorker.runSuite(SuiteRunnerWorker.java:52)
at org.testng.SuiteRunnerWorker.run(SuiteRunnerWorker.java:84)
at org.testng.TestNG.runSuitesSequentially(TestNG.java:1208)
at org.testng.TestNG.runSuitesLocally(TestNG.java:1137)
at org.testng.TestNG.runSuites(TestNG.java:1049)
at org.testng.TestNG.run(TestNG.java:1017)
at org.testng.remote.AbstractRemoteTestNG.run(AbstractRemoteTestNG.java:114)
at org.testng.remote.RemoteTestNG.initAndRun(RemoteTestNG.java:251)
at org.testng.remote.RemoteTestNG.main(RemoteTestNG.java:77)
]]>
    </error>
  </testcase> <!-- FTC005 -->
  <testcase name="VTC0022" time="0.538" classname="com.tc.groupcustomer.GC_GroupCustomerQuote"/>
  <testcase name="YTC0025" time="11.704" classname="com.tc.groupcustomer.GC_GroupCustomerQuote"/>
  <testcase name="OTC014" time="215.829" classname="com.tc.groupcustomer.GC_GroupCustomerQuote"/>
  <testcase name="eTC0026_c" time="2.680" classname="com.tc.groupcustomer.GC_GroupCustomerQuote"/>
  <testcase name="NTC013" time="0.486" classname="com.tc.groupcustomer.GC_GroupCustomerQuote"/>
  <testcase name="bTC0026_b" time="2.641" classname="com.tc.groupcustomer.GC_GroupCustomerQuote"/>
  <testcase name="QTC0016" time="0.618" classname="com.tc.groupcustomer.GC_GroupCustomerQuote"/>
  <testcase name="ITC008" time="5.623" classname="com.tc.groupcustomer.GC_GroupCustomerQuote"/>
  <testcase name="ETC004" time="0.332" classname="com.tc.groupcustomer.GC_GroupCustomerQuote"/>
  <testcase name="CTC002" time="23.002" classname="com.tc.groupcustomer.GC_GroupCustomerQuote"/>
  <testcase name="aTC0027" time="11.367" classname="com.tc.groupcustomer.GC_GroupCustomerQuote"/>
  <testcase name="JTC009" time="3.822" classname="com.tc.groupcustomer.GC_GroupCustomerQuote"/>
  <testcase name="dTC0029" time="23.909" classname="com.tc.groupcustomer.GC_GroupCustomerQuote"/>
  <testcase name="HTC007" time="0.479" classname="com.tc.groupcustomer.GC_GroupCustomerQuote"/>
  <testcase name="XTC0024" time="12.836" classname="com.tc.groupcustomer.GC_GroupCustomerQuote"/>
  <testcase name="RTC0017" time="0.553" classname="com.tc.groupcustomer.GC_GroupCustomerQuote"/>
  <testcase name="ATCPreReq" time="144.471" classname="com.tc.groupcustomer.GC_GroupCustomerQuote"/>
  <testcase name="UTC0021" time="0.564" classname="com.tc.groupcustomer.GC_GroupCustomerQuote"/>
  <testcase name="BTC001" time="5.700" classname="com.tc.groupcustomer.GC_GroupCustomerQuote"/>
  <testcase name="KTC010" time="0.926" classname="com.tc.groupcustomer.GC_GroupCustomerQuote"/>
  <testcase name="GTC006" time="0.028" classname="com.tc.groupcustomer.GC_GroupCustomerQuote"/>
  <testcase name="cTC0028" time="17.515" classname="com.tc.groupcustomer.GC_GroupCustomerQuote"/>
  <testcase name="PTC0015" time="3.588" classname="com.tc.groupcustomer.GC_GroupCustomerQuote"/>
</testsuite> <!-- com.tc.groupcustomer.GC_GroupCustomerQuote -->
